<?xml version="1.0" encoding="UTF-8"?>
<!-- Generated by org.testng.reporters.JUnitReportReporter -->
<testsuite hostname="DESKTOP-5SRPD8A" failures="0" tests="1" name="com.blaze.testCases.LoginTest" time="4.665" errors="0" timestamp="2022-04-06T09:49:42 SGT" skipped="0">
  <testcase classname="com.blaze.testCases.LoginTest" name="loginTest" time="4.665"/>
  <system-out/>
</testsuite> <!-- com.blaze.testCases.LoginTest -->
